<?xml version="1.0" encoding="UTF-8"?>
<testsuite name="com.example.demo.ApplicationTests" tests="1" skipped="0" failures="0" errors="0" timestamp="2023-09-19T08:04:27" hostname="chenxiangdongdeMacBook-Pro.local" time="2.263">
  <properties/>
  <testcase name="contextLoads()" classname="com.example.demo.ApplicationTests" time="2.263"/>
  <system-out><![CDATA[16:04:23.413 [Test worker] INFO org.springframework.test.context.support.AnnotationConfigContextLoaderUtils -- Could not detect default configuration classes for test class [com.example.demo.ApplicationTests]: ApplicationTests does not declare any static, non-private, non-final, nested classes annotated with @Configuration.
16:04:23.675 [Test worker] INFO org.springframework.boot.test.context.SpringBootTestContextBootstrapper -- Found @SpringBootConfiguration com.example.demo.Application for test class com.example.demo.ApplicationTests

  .   ____          _            __ _ _
 /\\ / ___'_ __ _ _(_)_ __  __ _ \ \ \ \
( ( )\___ | '_ | '_| | '_ \/ _` | \ \ \ \
 \\/  ___)| |_)| | | | | || (_| |  ) ) ) )
  '  |____| .__|_| |_|_| |_\__, | / / / /
 =========|_|==============|___/=/_/_/_/
 :: Spring Boot ::                (v3.1.3)

2023-09-19T16:04:24.878+08:00  INFO 68486 --- [    Test worker] com.example.demo.ApplicationTests        : Starting ApplicationTests using Java 17.0.2 with PID 68486 (started by chenxiangdong in /Users/chenxiangdong/Desktop/5619)
2023-09-19T16:04:24.885+08:00  INFO 68486 --- [    Test worker] com.example.demo.ApplicationTests        : No active profile set, falling back to 1 default profile: "default"
2023-09-19T16:04:27.579+08:00  INFO 68486 --- [    Test worker] com.example.demo.ApplicationTests        : Started ApplicationTests in 3.436 seconds (process running for 6.165)
]]></system-out>
  <system-err><![CDATA[]]></system-err>
</testsuite>
